<testsuites id="" name="" tests="1" failures="1" skipped="0" errors="0" time="94.376453">
<testsuite name="test-worker-debug.spec.ts" timestamp="2025-07-07T07:36:03.500Z" hostname="chromium" tests="1" failures="1" skipped="0" time="92.799" errors="0">
<testcase name="Worker Loading Debug Test › should debug worker loading issues" classname="test-worker-debug.spec.ts" time="92.799">
<failure message="test-worker-debug.spec.ts:4:7 should debug worker loading issues" type="FAILURE">
<![CDATA[  [chromium] › test-worker-debug.spec.ts:4:7 › Worker Loading Debug Test › should debug worker loading issues 

    Error: expect(received).toBeTruthy()

    Received: false

       98 |     console.log('🏗️ Database state:', dbState);
       99 |     
    > 100 |     expect.soft(hasDebugMessages).toBeTruthy();
          |                                   ^
      101 |   });
      102 | });
        at /Users/homeserver/ai-creative-team/archi-site/tests/e2e/test-worker-debug.spec.ts:100:35

    attachment #1: screenshot (image/png) ──────────────────────────────────────────────────────────
    playwright-results/artifacts/test-worker-debug-Worker-L-8da2c-debug-worker-loading-issues-chromium/test-failed-1.png
    ────────────────────────────────────────────────────────────────────────────────────────────────

    attachment #2: video (video/webm) ──────────────────────────────────────────────────────────────
    playwright-results/artifacts/test-worker-debug-Worker-L-8da2c-debug-worker-loading-issues-chromium/video.webm
    ────────────────────────────────────────────────────────────────────────────────────────────────

    Error Context: ../../playwright-results/artifacts/test-worker-debug-Worker-L-8da2c-debug-worker-loading-issues-chromium/error-context.md

    Retry #1 ───────────────────────────────────────────────────────────────────────────────────────

    Error: expect(received).toBeTruthy()

    Received: false

       98 |     console.log('🏗️ Database state:', dbState);
       99 |     
    > 100 |     expect.soft(hasDebugMessages).toBeTruthy();
          |                                   ^
      101 |   });
      102 | });
        at /Users/homeserver/ai-creative-team/archi-site/tests/e2e/test-worker-debug.spec.ts:100:35

    attachment #1: screenshot (image/png) ──────────────────────────────────────────────────────────
    playwright-results/artifacts/test-worker-debug-Worker-L-8da2c-debug-worker-loading-issues-chromium-retry1/test-failed-1.png
    ────────────────────────────────────────────────────────────────────────────────────────────────

    attachment #2: video (video/webm) ──────────────────────────────────────────────────────────────
    playwright-results/artifacts/test-worker-debug-Worker-L-8da2c-debug-worker-loading-issues-chromium-retry1/video.webm
    ────────────────────────────────────────────────────────────────────────────────────────────────

    Error Context: ../../playwright-results/artifacts/test-worker-debug-Worker-L-8da2c-debug-worker-loading-issues-chromium-retry1/error-context.md

    attachment #4: trace (application/zip) ─────────────────────────────────────────────────────────
    playwright-results/artifacts/test-worker-debug-Worker-L-8da2c-debug-worker-loading-issues-chromium-retry1/trace.zip
    Usage:

        npx playwright show-trace playwright-results/artifacts/test-worker-debug-Worker-L-8da2c-debug-worker-loading-issues-chromium-retry1/trace.zip

    ────────────────────────────────────────────────────────────────────────────────────────────────
]]>
</failure>
<system-out>
<![CDATA[🔍 Starting worker loading debug test...
[BROWSER]: React アプリケーションを初期化中... production
[BROWSER]: DOM root element: JSHandle@node
[BROWSER]: Using HashRouter for GitHub Pages compatibility
[BROWSER]: React アプリケーションのレンダリングが成功しました
[BROWSER]: 最近の建築作品を取得中...
[BROWSER]: App running in production mode
[BROWSER]: アプリケーション環境: 本番
[BROWSER]: GitHub Pages環境: はい
[BROWSER]: 🚀 データベース初期化を開始...
[BROWSER]: 🌐 Connection speed detected: fast
[BROWSER]: 📦 SQL.js WASM を読み込み中...
[BROWSER]: 🔍 ファイル要求: sql-wasm.wasm
[BROWSER]: 📍 WASM URL: /archi-site/sql-wasm.wasm
[BROWSER]: データベース情報:
[BROWSER]: - ファイル: archimap.sqlite
[BROWSER]: - 更新日時: 2025-07-07T06:48:27.235Z
[BROWSER]: - サイズ: 12.14 MB
[BROWSER]: - チャンク: 195 (64KB)のチャンク
[BROWSER]: - テーブル数: 10
[BROWSER]: - インデックス数: 13
[BROWSER]: Failed to load resource: the server responded with a status of 404 ()
📄 Page loaded, waiting for database initialization...
📝 Captured 21 console messages:
  1. React アプリケーションを初期化中... production
  2. DOM root element: JSHandle@node
  3. Using HashRouter for GitHub Pages compatibility
  4. React アプリケーションのレンダリングが成功しました
  5. 最近の建築作品を取得中...
  6. App running in production mode
  7. アプリケーション環境: 本番
  8. GitHub Pages環境: はい
  9. 🚀 データベース初期化を開始...
  10. 🌐 Connection speed detected: fast
  11. 📦 SQL.js WASM を読み込み中...
  12. 🔍 ファイル要求: sql-wasm.wasm
  13. 📍 WASM URL: /archi-site/sql-wasm.wasm
  14. データベース情報:
  15. - ファイル: archimap.sqlite
  16. - 更新日時: 2025-07-07T06:48:27.235Z
  17. - サイズ: 12.14 MB
  18. - チャンク: 195 (64KB)のチャンク
  19. - テーブル数: 10
  20. - インデックス数: 13
  21. Failed to load resource: the server responded with a status of 404 ()
🔧 Has debug messages: false
✅ Has worker success: false
🔄 Manually triggering database initialization...
[BROWSER]: 🔄 Attempting manual database trigger...
[BROWSER]: React アプリケーションを初期化中... production
[BROWSER]: DOM root element: JSHandle@node
[BROWSER]: Using HashRouter for GitHub Pages compatibility
[BROWSER]: React アプリケーションのレンダリングが成功しました
[BROWSER]: 最近の建築作品を取得中...
[BROWSER]: App running in production mode
[BROWSER]: アプリケーション環境: 本番
[BROWSER]: GitHub Pages環境: はい
[BROWSER]: 🚀 データベース初期化を開始...
[BROWSER]: データベース情報:
[BROWSER]: - ファイル: archimap.sqlite
[BROWSER]: - 更新日時: 2025-07-07T06:48:27.235Z
[BROWSER]: - サイズ: 12.14 MB
[BROWSER]: - チャンク: 195 (64KB)のチャンク
[BROWSER]: - テーブル数: 10
[BROWSER]: - インデックス数: 13
[BROWSER]: 🌐 Connection speed detected: fast
[BROWSER]: 📦 SQL.js WASM を読み込み中...
[BROWSER]: 🔍 ファイル要求: sql-wasm.wasm
[BROWSER]: 📍 WASM URL: /archi-site/sql-wasm.wasm
🏗️ Database state: {
  hasLoadingText: [33mtrue[39m,
  hasErrorText: [33mfalse[39m,
  hasCompletedText: [33mfalse[39m,
  hasArchitectureData: [33mfalse[39m
}

[[ATTACHMENT|artifacts/test-worker-debug-Worker-L-8da2c-debug-worker-loading-issues-chromium/test-failed-1.png]]

[[ATTACHMENT|artifacts/test-worker-debug-Worker-L-8da2c-debug-worker-loading-issues-chromium/video.webm]]

[[ATTACHMENT|artifacts/test-worker-debug-Worker-L-8da2c-debug-worker-loading-issues-chromium/error-context.md]]
🔍 Starting worker loading debug test...
[BROWSER]: React アプリケーションを初期化中... production
[BROWSER]: DOM root element: JSHandle@node
[BROWSER]: Using HashRouter for GitHub Pages compatibility
[BROWSER]: React アプリケーションのレンダリングが成功しました
[BROWSER]: 最近の建築作品を取得中...
[BROWSER]: App running in production mode
[BROWSER]: アプリケーション環境: 本番
[BROWSER]: GitHub Pages環境: はい
[BROWSER]: 🚀 データベース初期化を開始...
[BROWSER]: 🌐 Connection speed detected: fast
[BROWSER]: 📦 SQL.js WASM を読み込み中...
[BROWSER]: 🔍 ファイル要求: sql-wasm.wasm
[BROWSER]: 📍 WASM URL: /archi-site/sql-wasm.wasm
[BROWSER]: Failed to load resource: the server responded with a status of 404 ()
[BROWSER]: データベース情報:
[BROWSER]: - ファイル: archimap.sqlite
[BROWSER]: - 更新日時: 2025-07-07T06:48:27.235Z
[BROWSER]: - サイズ: 12.14 MB
[BROWSER]: - チャンク: 195 (64KB)のチャンク
[BROWSER]: - テーブル数: 10
[BROWSER]: - インデックス数: 13
📄 Page loaded, waiting for database initialization...
📝 Captured 21 console messages:
  1. React アプリケーションを初期化中... production
  2. DOM root element: JSHandle@node
  3. Using HashRouter for GitHub Pages compatibility
  4. React アプリケーションのレンダリングが成功しました
  5. 最近の建築作品を取得中...
  6. App running in production mode
  7. アプリケーション環境: 本番
  8. GitHub Pages環境: はい
  9. 🚀 データベース初期化を開始...
  10. 🌐 Connection speed detected: fast
  11. 📦 SQL.js WASM を読み込み中...
  12. 🔍 ファイル要求: sql-wasm.wasm
  13. 📍 WASM URL: /archi-site/sql-wasm.wasm
  14. Failed to load resource: the server responded with a status of 404 ()
  15. データベース情報:
  16. - ファイル: archimap.sqlite
  17. - 更新日時: 2025-07-07T06:48:27.235Z
  18. - サイズ: 12.14 MB
  19. - チャンク: 195 (64KB)のチャンク
  20. - テーブル数: 10
  21. - インデックス数: 13
🔧 Has debug messages: false
✅ Has worker success: false
🔄 Manually triggering database initialization...
[BROWSER]: 🔄 Attempting manual database trigger...
[BROWSER]: React アプリケーションを初期化中... production
[BROWSER]: DOM root element: JSHandle@node
[BROWSER]: Using HashRouter for GitHub Pages compatibility
[BROWSER]: React アプリケーションのレンダリングが成功しました
[BROWSER]: 最近の建築作品を取得中...
[BROWSER]: App running in production mode
[BROWSER]: アプリケーション環境: 本番
[BROWSER]: GitHub Pages環境: はい
[BROWSER]: 🚀 データベース初期化を開始...
[BROWSER]: 🌐 Connection speed detected: fast
[BROWSER]: 📦 SQL.js WASM を読み込み中...
[BROWSER]: 🔍 ファイル要求: sql-wasm.wasm
[BROWSER]: 📍 WASM URL: /archi-site/sql-wasm.wasm
[BROWSER]: データベース情報:
[BROWSER]: - ファイル: archimap.sqlite
[BROWSER]: - 更新日時: 2025-07-07T06:48:27.235Z
[BROWSER]: - サイズ: 12.14 MB
[BROWSER]: - チャンク: 195 (64KB)のチャンク
[BROWSER]: - テーブル数: 10
[BROWSER]: - インデックス数: 13
🏗️ Database state: {
  hasLoadingText: [33mtrue[39m,
  hasErrorText: [33mfalse[39m,
  hasCompletedText: [33mfalse[39m,
  hasArchitectureData: [33mfalse[39m
}

[[ATTACHMENT|artifacts/test-worker-debug-Worker-L-8da2c-debug-worker-loading-issues-chromium-retry1/test-failed-1.png]]

[[ATTACHMENT|artifacts/test-worker-debug-Worker-L-8da2c-debug-worker-loading-issues-chromium-retry1/video.webm]]

[[ATTACHMENT|artifacts/test-worker-debug-Worker-L-8da2c-debug-worker-loading-issues-chromium-retry1/error-context.md]]

[[ATTACHMENT|artifacts/test-worker-debug-Worker-L-8da2c-debug-worker-loading-issues-chromium-retry1/trace.zip]]
]]>
</system-out>
<system-err>
<![CDATA[[PAGE ERROR]: C is not a function
[PAGE ERROR]: C is not a function
[PAGE ERROR]: C is not a function
[PAGE ERROR]: C is not a function
]]>
</system-err>
</testcase>
</testsuite>
</testsuites>