<testsuites id="" name="" tests="18" failures="0" skipped="0" errors="0" time="38.882441">
<testsuite name="deployment-validation.spec.ts" timestamp="2025-07-07T05:08:18.408Z" hostname="chromium" tests="6" failures="0" skipped="0" time="6.736" errors="0">
<testcase name="Archi Site Deployment Validation › site loads successfully" classname="deployment-validation.spec.ts" time="1.417">
</testcase>
<testcase name="Archi Site Deployment Validation › Japanese title displays correctly" classname="deployment-validation.spec.ts" time="1.337">
<system-out>
<![CDATA[Page title: 日本の建築マップ | Architecture Map of Japan
]]>
</system-out>
</testcase>
<testcase name="Archi Site Deployment Validation › React app is functioning" classname="deployment-validation.spec.ts" time="0.72">
</testcase>
<testcase name="Archi Site Deployment Validation › database content is accessible" classname="deployment-validation.spec.ts" time="1.44">
</testcase>
<testcase name="Archi Site Deployment Validation › basic navigation elements exist" classname="deployment-validation.spec.ts" time="0.741">
<system-out>
<![CDATA[Navigation elements found: [33m11[39m
]]>
</system-out>
</testcase>
<testcase name="Archi Site Deployment Validation › essential page elements are present" classname="deployment-validation.spec.ts" time="1.081">
<system-out>
<![CDATA[Page structure - Header: [33mtrue[39m Main: [33mtrue[39m Footer: [33mtrue[39m
]]>
</system-out>
</testcase>
</testsuite>
<testsuite name="deployment-validation.spec.ts" timestamp="2025-07-07T05:08:18.408Z" hostname="firefox" tests="6" failures="0" skipped="0" time="10.552" errors="0">
<testcase name="Archi Site Deployment Validation › site loads successfully" classname="deployment-validation.spec.ts" time="1.799">
</testcase>
<testcase name="Archi Site Deployment Validation › Japanese title displays correctly" classname="deployment-validation.spec.ts" time="1.795">
<system-out>
<![CDATA[Page title: 日本の建築マップ | Architecture Map of Japan
]]>
</system-out>
</testcase>
<testcase name="Archi Site Deployment Validation › React app is functioning" classname="deployment-validation.spec.ts" time="1.589">
</testcase>
<testcase name="Archi Site Deployment Validation › database content is accessible" classname="deployment-validation.spec.ts" time="2.19">
</testcase>
<testcase name="Archi Site Deployment Validation › basic navigation elements exist" classname="deployment-validation.spec.ts" time="1.99">
<system-out>
<![CDATA[Navigation elements found: [33m11[39m
]]>
</system-out>
</testcase>
<testcase name="Archi Site Deployment Validation › essential page elements are present" classname="deployment-validation.spec.ts" time="1.189">
<system-out>
<![CDATA[Page structure - Header: [33mtrue[39m Main: [33mtrue[39m Footer: [33mtrue[39m
]]>
</system-out>
</testcase>
</testsuite>
<testsuite name="deployment-validation.spec.ts" timestamp="2025-07-07T05:08:18.408Z" hostname="webkit" tests="6" failures="0" skipped="0" time="120.355" errors="0">
<testcase name="Archi Site Deployment Validation › site loads successfully" classname="deployment-validation.spec.ts" time="28.501">
</testcase>
<testcase name="Archi Site Deployment Validation › Japanese title displays correctly" classname="deployment-validation.spec.ts" time="26.508">
<system-out>
<![CDATA[Page title: 日本の建築マップ | Architecture Map of Japan
]]>
</system-out>
</testcase>
<testcase name="Archi Site Deployment Validation › React app is functioning" classname="deployment-validation.spec.ts" time="8.293">
</testcase>
<testcase name="Archi Site Deployment Validation › database content is accessible" classname="deployment-validation.spec.ts" time="25.448">
</testcase>
<testcase name="Archi Site Deployment Validation › basic navigation elements exist" classname="deployment-validation.spec.ts" time="7.25">
<system-out>
<![CDATA[Navigation elements found: [33m11[39m
]]>
</system-out>
</testcase>
<testcase name="Archi Site Deployment Validation › essential page elements are present" classname="deployment-validation.spec.ts" time="24.355">
<system-out>
<![CDATA[Page structure - Header: [33mtrue[39m Main: [33mtrue[39m Footer: [33mtrue[39m
]]>
</system-out>
</testcase>
</testsuite>
</testsuites>