<testsuites id="" name="" tests="3" failures="0" skipped="0" errors="0" time="32.408516">
<testsuite name="real-functionality-test.spec.ts" timestamp="2025-07-07T05:54:34.113Z" hostname="chromium" tests="3" failures="0" skipped="0" time="43.329" errors="0">
<testcase name="Real Architecture Database Functionality › should load database and display real architecture data" classname="real-functionality-test.spec.ts" time="31.769">
<system-out>
<![CDATA[🚀 Testing real database functionality...
🖥️ Console: Emergency timeout: forcing app to render without database
🖥️ Console: 建築作品の取得に失敗: Error: データベース接続がタイムアウトしました
    at https://bob-takuya.github.io/archi-site/assets/index-CQOQf6w_.js:1:6447
🖥️ Console: Found 3 elements with selector: .MuiCard-root
📊 Architecture data found: true
📝 Console messages: Emergency timeout: forcing app to render without database, 建築作品の取得に失敗: Error: データベース接続がタイムアウトしました
    at https://bob-takuya.github.io/archi-site/assets/index-CQOQf6w_.js:1:6447, Found 3 elements with selector: .MuiCard-root
🏗️ Page structure - Header: false, Main: true
]]>
</system-out>
</testcase>
<testcase name="Real Architecture Database Functionality › should test search functionality if available" classname="real-functionality-test.spec.ts" time="4.847">
<system-out>
<![CDATA[🔍 Testing search functionality...
✅ Search input found
🎯 Search results found: false
]]>
</system-out>
</testcase>
<testcase name="Real Architecture Database Functionality › should check map functionality" classname="real-functionality-test.spec.ts" time="6.713">
<system-out>
<![CDATA[🗺️ Testing map functionality...
🗺️ Map container found: false
]]>
</system-out>
</testcase>
</testsuite>
</testsuites>